<?xml version="1.0" encoding="UTF-8"?>
<!-- Generated by org.testng.reporters.JUnitReportReporter -->
<testsuite hostname="DESKTOP-C87K6JS" failures="0" tests="2" name="org.Testcase.FlipkartTestcase" time="53.087" errors="0" timestamp="2023-06-09T17:17:23 IST" skipped="0">
  <testcase classname="org.Testcase.FlipkartTestcase" name="scenarioDemo" time="28.275"/>
  <system-out/>
  <testcase classname="org.Testcase.FlipkartTestcase" name="scenarioDemo" time="24.812"/>
  <system-out/>
</testsuite> <!-- org.Testcase.FlipkartTestcase -->
